<?xml version="1.0" encoding="UTF-8"?>
<!-- Generated by org.testng.reporters.JUnitXMLReporter -->
<testsuite ignored="0" hostname="DESKTOP-68C1C7O" failures="0" tests="1" name="Test-1" time="75.248" errors="0" timestamp="2023-03-31T11:38:06 IST">
  <testcase classname="vitiger.Product.Test.CreateProductWithVendorTest" name="cerateProductWithVendor" time="39.637"/>
</testsuite> <!-- Test-1 -->
