<?xml version="1.0" encoding="UTF-8"?>
<!-- Generated by org.testng.reporters.JUnitXMLReporter -->
<testsuite ignored="0" hostname="DESKTOP-68C1C7O" failures="0" tests="1" name="Test-2" time="61.488" errors="0" timestamp="2023-03-31T11:37:52 IST">
  <testcase classname="vitiger.Product.Test.CreateProductTest" name="createProduct" time="21.527"/>
</testsuite> <!-- Test-2 -->
