<?xml version="1.0" encoding="UTF-8"?>
<!-- Generated by org.testng.reporters.JUnitReportReporter -->
<testsuite hostname="DESKTOP-68C1C7O" failures="0" tests="1" name="vitiger.Contact.Test.CreateContactWithOrgTest" time="22.896" errors="0" timestamp="2023-04-07T12:10:28 IST" skipped="0">
  <testcase classname="vitiger.Contact.Test.CreateContactWithOrgTest" name="createContactWithOrg" time="22.896"/>
  <system-out/>
</testsuite> <!-- vitiger.Contact.Test.CreateContactWithOrgTest -->
