<?xml version="1.0" encoding="UTF-8"?>
<!-- Generated by org.testng.reporters.JUnitReportReporter -->
<testsuite hostname="DESKTOP-68C1C7O" failures="0" tests="1" name="vitiger.Organization.Test.CreateOrganizationWithIndustryAndTypeTest" time="21.808" errors="0" timestamp="2023-04-10T10:36:53 IST" skipped="0">
  <testcase classname="vitiger.Organization.Test.CreateOrganizationWithIndustryAndTypeTest" name="createOgWithIndustry" time="21.808"/>
  <system-out/>
</testsuite> <!-- vitiger.Organization.Test.CreateOrganizationWithIndustryAndTypeTest -->
