<?xml version="1.0" encoding="UTF-8"?>
<!-- Generated by org.testng.reporters.JUnitReportReporter -->
<testsuite hostname="DESKTOP-68C1C7O" failures="0" tests="1" name="vtiger.practice.TestNGPractice" time="0.039" errors="0" timestamp="2023-03-21T12:00:27 IST" skipped="0">
  <testcase classname="vtiger.practice.TestNGPractice" name="practice" time="0.039"/>
  <system-out/>
</testsuite> <!-- vtiger.practice.TestNGPractice -->
