<?xml version="1.0" encoding="UTF-8"?>
<!-- Generated by org.testng.reporters.JUnitReportReporter -->
<testsuite hostname="DESKTOP-68C1C7O" failures="0" tests="1" name="vitiger.Organization.Test.CreateOrgnization" time="23.908" errors="0" timestamp="2023-04-06T12:13:48 IST" skipped="0">
  <testcase classname="vitiger.Organization.Test.CreateOrgnization" name="createOrg" time="23.908"/>
  <system-out/>
</testsuite> <!-- vitiger.Organization.Test.CreateOrgnization -->
