<?xml version="1.0" encoding="UTF-8"?>
<!-- Generated by org.testng.reporters.JUnitReportReporter -->
<testsuite hostname="DESKTOP-68C1C7O" failures="0" tests="1" name="vtiger.practice.PracticeBconfig" time="0.051" errors="0" timestamp="2023-03-28T11:26:45 IST" skipped="0">
  <testcase classname="vtiger.practice.PracticeBconfig" name="test" time="0.051"/>
  <system-out/>
</testsuite> <!-- vtiger.practice.PracticeBconfig -->
