<?xml version="1.0" encoding="UTF-8"?>
<!-- Generated by org.testng.reporters.JUnitReportReporter -->
<testsuite hostname="DESKTOP-68C1C7O" failures="0" tests="1" name="vitiger.Contact.Test.CreateContactTest" time="52.049" errors="0" timestamp="2023-04-07T11:51:53 IST" skipped="0">
  <testcase classname="vitiger.Contact.Test.CreateContactTest" name="createContact" time="52.049"/>
  <system-out/>
</testsuite> <!-- vitiger.Contact.Test.CreateContactTest -->
