<?xml version="1.0" encoding="UTF-8"?>
<!-- Generated by org.testng.reporters.JUnitReportReporter -->
<testsuite hostname="DESKTOP-68C1C7O" failures="0" tests="1" name="vitiger.Product.Test.CreateProductTest" time="30.028" errors="0" timestamp="2023-03-31T11:38:06 IST" skipped="0">
  <testcase classname="vitiger.Product.Test.CreateProductTest" name="createProduct" time="30.028"/>
  <system-out/>
</testsuite> <!-- vitiger.Product.Test.CreateProductTest -->
